2015-11-10 15:26:56 10fc InnoDB: Warning: Using innodb_additional_mem_pool_size is DEPRECATED. This option may be removed in future releases, together with the option innodb_use_sys_malloc and with the InnoDB's internal memory allocator.
2015-11-10 15:26:56 4348 [Note] InnoDB: Using mutexes to ref count buffer pool pages
2015-11-10 15:26:56 4348 [Note] InnoDB: The InnoDB memory heap is disabled
2015-11-10 15:26:56 4348 [Note] InnoDB: Mutexes and rw_locks use Windows interlocked functions
2015-11-10 15:26:56 4348 [Note] InnoDB: Memory barrier is not used
2015-11-10 15:26:56 4348 [Note] InnoDB: Compressed tables use zlib 1.2.3
2015-11-10 15:26:56 4348 [Note] InnoDB: Not using CPU crc32 instructions
2015-11-10 15:26:56 4348 [Note] InnoDB: Initializing buffer pool, size = 16.0M
2015-11-10 15:26:56 4348 [Note] InnoDB: Completed initialization of buffer pool
2015-11-10 15:26:56 4348 [Note] InnoDB: Highest supported file format is Barracuda.
2015-11-10 15:26:57 4348 [Note] InnoDB: 128 rollback segment(s) are active.
2015-11-10 15:26:57 4348 [Note] InnoDB: Waiting for purge to start
2015-11-10 15:26:57 4348 [Note] InnoDB:  Percona XtraDB (http://www.percona.com) 5.6.26-74.0 started; log sequence number 1835027
2015-11-10 15:26:57 6140 [Note] InnoDB: Dumping buffer pool(s) not yet started
2015-11-10 15:26:57 4348 [Note] Plugin 'FEEDBACK' is disabled.
2015-11-10 15:26:57 4348 [Note] Server socket created on IP: '::'.
2015-11-10 15:26:57 4348 [Note] Event Scheduler: Loaded 0 events
2015-11-10 15:26:57 4348 [Note] C:\xampp\mysql\bin\mysqld.exe: ready for connections.
Version: '10.1.8-MariaDB'  socket: ''  port: 3306  mariadb.org binary distribution
2015-11-10 15:27:11 5152 [Note] C:\xampp\mysql\bin\mysqld.exe: Normal shutdown

2015-11-10 15:27:11 5152 [Note] Event Scheduler: Purging the queue. 0 events
2015-11-10 15:27:11 5732 [Note] InnoDB: FTS optimize thread exiting.
2015-11-10 15:27:11 5152 [Note] InnoDB: Starting shutdown...
2015-11-10 15:27:13 5152 [Note] InnoDB: Shutdown completed; log sequence number 1835037
2015-11-10 15:27:13 5152 [Note] C:\xampp\mysql\bin\mysqld.exe: Shutdown complete

2019-04-02 23:07:03 62b2c InnoDB: Warning: Using innodb_additional_mem_pool_size is DEPRECATED. This option may be removed in future releases, together with the option innodb_use_sys_malloc and with the InnoDB's internal memory allocator.
2019-04-02 23:07:03 404268 [Note] InnoDB: innodb_empty_free_list_algorithm has been changed to legacy because of small buffer pool size. In order to use backoff, increase buffer pool at least up to 20MB.

2019-04-02 23:07:03 404268 [Note] InnoDB: Using mutexes to ref count buffer pool pages
2019-04-02 23:07:03 404268 [Note] InnoDB: The InnoDB memory heap is disabled
2019-04-02 23:07:03 404268 [Note] InnoDB: Mutexes and rw_locks use Windows interlocked functions
2019-04-02 23:07:03 404268 [Note] InnoDB: _mm_lfence() and _mm_sfence() are used for memory barrier
2019-04-02 23:07:03 404268 [Note] InnoDB: Compressed tables use zlib 1.2.11
2019-04-02 23:07:03 404268 [Note] InnoDB: Using generic crc32 instructions
2019-04-02 23:07:03 404268 [Note] InnoDB: Initializing buffer pool, size = 16.0M
2019-04-02 23:07:03 404268 [Note] InnoDB: Completed initialization of buffer pool
2019-04-02 23:07:03 404268 [Note] InnoDB: Highest supported file format is Barracuda.
2019-04-02 23:07:03 404268 [Note] InnoDB: 128 rollback segment(s) are active.
2019-04-02 23:07:03 404268 [Note] InnoDB: Waiting for purge to start
2019-04-02 23:07:03 404268 [Note] InnoDB:  Percona XtraDB (http://www.percona.com) 5.6.42-84.2 started; log sequence number 1835037
2019-04-02 23:07:03 404960 [Note] InnoDB: Dumping buffer pool(s) not yet started
2019-04-02 23:07:03 404268 [Note] Plugin 'FEEDBACK' is disabled.
2019-04-02 23:07:03 404268 [Note] Server socket created on IP: '::'.
2019-04-02 23:07:04 404268 [Note] c:\xampp\mysql\bin\mysqld.exe: ready for connections.
Version: '10.1.38-MariaDB'  socket: ''  port: 3306  mariadb.org binary distribution
2019-04-03 22:15:04 724e0 InnoDB: Warning: Using innodb_additional_mem_pool_size is DEPRECATED. This option may be removed in future releases, together with the option innodb_use_sys_malloc and with the InnoDB's internal memory allocator.
2019-04-03 22:15:04 468192 [Note] InnoDB: innodb_empty_free_list_algorithm has been changed to legacy because of small buffer pool size. In order to use backoff, increase buffer pool at least up to 20MB.

2019-04-03 22:15:04 468192 [Note] InnoDB: Using mutexes to ref count buffer pool pages
2019-04-03 22:15:04 468192 [Note] InnoDB: The InnoDB memory heap is disabled
2019-04-03 22:15:04 468192 [Note] InnoDB: Mutexes and rw_locks use Windows interlocked functions
2019-04-03 22:15:04 468192 [Note] InnoDB: _mm_lfence() and _mm_sfence() are used for memory barrier
2019-04-03 22:15:04 468192 [Note] InnoDB: Compressed tables use zlib 1.2.11
2019-04-03 22:15:04 468192 [Note] InnoDB: Using generic crc32 instructions
2019-04-03 22:15:04 468192 [Note] InnoDB: Initializing buffer pool, size = 16.0M
2019-04-03 22:15:04 468192 [Note] InnoDB: Completed initialization of buffer pool
2019-04-03 22:15:05 468192 [Note] InnoDB: Highest supported file format is Barracuda.
2019-04-03 22:15:05 468192 [Note] InnoDB: The log sequence number 1835037 in ibdata file do not match the log sequence number 1835386 in the ib_logfiles!
2019-04-03 22:15:06 468192 [Note] InnoDB: Restoring possible half-written data pages from the doublewrite buffer...
2019-04-03 22:15:08 468192 [Note] InnoDB: 128 rollback segment(s) are active.
2019-04-03 22:15:08 468192 [Note] InnoDB: Waiting for purge to start
2019-04-03 22:15:08 468192 [Note] InnoDB:  Percona XtraDB (http://www.percona.com) 5.6.42-84.2 started; log sequence number 1835386
2019-04-03 22:15:08 468016 [Note] InnoDB: Dumping buffer pool(s) not yet started
2019-04-03 22:15:08 468192 [Note] Plugin 'FEEDBACK' is disabled.
2019-04-03 22:15:08 468192 [Note] Server socket created on IP: '::'.
2019-04-03 22:15:09 468192 [Note] c:\xampp\mysql\bin\mysqld.exe: ready for connections.
Version: '10.1.38-MariaDB'  socket: ''  port: 3306  mariadb.org binary distribution
2019-04-04  2:36:41 526124 [Warning] InnoDB: Cannot open table projects/admin from the internal data dictionary of InnoDB though the .frm file for the table exists. See http://dev.mysql.com/doc/refman/5.6/en/innodb-troubleshooting.html for how you can resolve the problem.
2019-04-04  2:36:41 526124 [Warning] InnoDB: Cannot open table projects/drom from the internal data dictionary of InnoDB though the .frm file for the table exists. See http://dev.mysql.com/doc/refman/5.6/en/innodb-troubleshooting.html for how you can resolve the problem.
2019-04-04  2:36:41 526124 [Warning] InnoDB: Cannot open table projects/student from the internal data dictionary of InnoDB though the .frm file for the table exists. See http://dev.mysql.com/doc/refman/5.6/en/innodb-troubleshooting.html for how you can resolve the problem.
2019-04-04  2:36:41 526124 [Warning] InnoDB: Cannot open table projects/stuff@0020info from the internal data dictionary of InnoDB though the .frm file for the table exists. See http://dev.mysql.com/doc/refman/5.6/en/innodb-troubleshooting.html for how you can resolve the problem.
2019-04-04  2:36:41 526124 [Warning] InnoDB: Cannot open table projects/type@0020of@0020stuff from the internal data dictionary of InnoDB though the .frm file for the table exists. See http://dev.mysql.com/doc/refman/5.6/en/innodb-troubleshooting.html for how you can resolve the problem.
2019-04-04  2:36:41 526124 [Warning] InnoDB: Cannot open table projects/utilities from the internal data dictionary of InnoDB though the .frm file for the table exists. See http://dev.mysql.com/doc/refman/5.6/en/innodb-troubleshooting.html for how you can resolve the problem.
2019-04-04  2:37:06 526124 [Warning] InnoDB: Cannot open table projects/drom from the internal data dictionary of InnoDB though the .frm file for the table exists. See http://dev.mysql.com/doc/refman/5.6/en/innodb-troubleshooting.html for how you can resolve the problem.
2019-04-04  2:37:14 392604 [Warning] InnoDB: Cannot open table projects/stuff@0020info from the internal data dictionary of InnoDB though the .frm file for the table exists. See http://dev.mysql.com/doc/refman/5.6/en/innodb-troubleshooting.html for how you can resolve the problem.
2019-04-04  2:37:18 392604 [Warning] InnoDB: Cannot open table projects/admin from the internal data dictionary of InnoDB though the .frm file for the table exists. See http://dev.mysql.com/doc/refman/5.6/en/innodb-troubleshooting.html for how you can resolve the problem.
2019-04-04  2:37:18 392604 [Warning] InnoDB: Cannot open table projects/admin from the internal data dictionary of InnoDB though the .frm file for the table exists. See http://dev.mysql.com/doc/refman/5.6/en/innodb-troubleshooting.html for how you can resolve the problem.
2019-04-04  2:37:18 392604 [Warning] InnoDB: Cannot open table projects/admin from the internal data dictionary of InnoDB though the .frm file for the table exists. See http://dev.mysql.com/doc/refman/5.6/en/innodb-troubleshooting.html for how you can resolve the problem.
2019-04-04  2:37:18 392604 [Warning] InnoDB: Cannot open table projects/admin from the internal data dictionary of InnoDB though the .frm file for the table exists. See http://dev.mysql.com/doc/refman/5.6/en/innodb-troubleshooting.html for how you can resolve the problem.
2019-04-04  2:37:18 392604 [Warning] InnoDB: Cannot open table projects/admin from the internal data dictionary of InnoDB though the .frm file for the table exists. See http://dev.mysql.com/doc/refman/5.6/en/innodb-troubleshooting.html for how you can resolve the problem.
2019-04-04  2:37:18 392604 [Warning] InnoDB: Cannot open table projects/admin from the internal data dictionary of InnoDB though the .frm file for the table exists. See http://dev.mysql.com/doc/refman/5.6/en/innodb-troubleshooting.html for how you can resolve the problem.
2019-04-04  2:37:18 392604 [Warning] InnoDB: Cannot open table projects/admin from the internal data dictionary of InnoDB though the .frm file for the table exists. See http://dev.mysql.com/doc/refman/5.6/en/innodb-troubleshooting.html for how you can resolve the problem.
2019-04-04  2:37:18 392604 [Warning] InnoDB: Cannot open table projects/admin from the internal data dictionary of InnoDB though the .frm file for the table exists. See http://dev.mysql.com/doc/refman/5.6/en/innodb-troubleshooting.html for how you can resolve the problem.
2019-04-04  2:37:18 392604 [Warning] InnoDB: Cannot open table projects/admin from the internal data dictionary of InnoDB though the .frm file for the table exists. See http://dev.mysql.com/doc/refman/5.6/en/innodb-troubleshooting.html for how you can resolve the problem.
2019-04-04  2:37:18 392604 [Warning] InnoDB: Cannot open table projects/admin from the internal data dictionary of InnoDB though the .frm file for the table exists. See http://dev.mysql.com/doc/refman/5.6/en/innodb-troubleshooting.html for how you can resolve the problem.
2019-04-04  2:37:18 392604 [Warning] InnoDB: Cannot open table projects/admin from the internal data dictionary of InnoDB though the .frm file for the table exists. See http://dev.mysql.com/doc/refman/5.6/en/innodb-troubleshooting.html for how you can resolve the problem.
2019-04-04  2:37:29 392604 [Warning] InnoDB: Cannot open table projects/drom from the internal data dictionary of InnoDB though the .frm file for the table exists. See http://dev.mysql.com/doc/refman/5.6/en/innodb-troubleshooting.html for how you can resolve the problem.
2019-04-04  2:37:31 392604 [Warning] InnoDB: Cannot open table projects/student from the internal data dictionary of InnoDB though the .frm file for the table exists. See http://dev.mysql.com/doc/refman/5.6/en/innodb-troubleshooting.html for how you can resolve the problem.
2019-04-04  2:37:33 392604 [Warning] InnoDB: Cannot open table projects/stuff@0020info from the internal data dictionary of InnoDB though the .frm file for the table exists. See http://dev.mysql.com/doc/refman/5.6/en/innodb-troubleshooting.html for how you can resolve the problem.
2019-04-04  2:37:34 392604 [Warning] InnoDB: Cannot open table projects/type@0020of@0020stuff from the internal data dictionary of InnoDB though the .frm file for the table exists. See http://dev.mysql.com/doc/refman/5.6/en/innodb-troubleshooting.html for how you can resolve the problem.
2019-04-04  2:37:35 526124 [Warning] InnoDB: Cannot open table projects/utilities from the internal data dictionary of InnoDB though the .frm file for the table exists. See http://dev.mysql.com/doc/refman/5.6/en/innodb-troubleshooting.html for how you can resolve the problem.
2019-04-04 02:45:58 72548 InnoDB: Warning: Using innodb_additional_mem_pool_size is DEPRECATED. This option may be removed in future releases, together with the option innodb_use_sys_malloc and with the InnoDB's internal memory allocator.
2019-04-04  2:45:58 468296 [Note] InnoDB: innodb_empty_free_list_algorithm has been changed to legacy because of small buffer pool size. In order to use backoff, increase buffer pool at least up to 20MB.

2019-04-04  2:45:58 468296 [Note] InnoDB: Using mutexes to ref count buffer pool pages
2019-04-04  2:45:58 468296 [Note] InnoDB: The InnoDB memory heap is disabled
2019-04-04  2:45:58 468296 [Note] InnoDB: Mutexes and rw_locks use Windows interlocked functions
2019-04-04  2:45:58 468296 [Note] InnoDB: _mm_lfence() and _mm_sfence() are used for memory barrier
2019-04-04  2:45:58 468296 [Note] InnoDB: Compressed tables use zlib 1.2.11
2019-04-04  2:45:58 468296 [Note] InnoDB: Using generic crc32 instructions
2019-04-04  2:45:58 468296 [Note] InnoDB: Initializing buffer pool, size = 16.0M
2019-04-04  2:45:58 468296 [Note] InnoDB: Completed initialization of buffer pool
2019-04-04  2:45:59 468296 [Note] InnoDB: Highest supported file format is Barracuda.
2019-04-04  2:45:59 468296 [Note] InnoDB: The log sequence number 1835037 in ibdata file do not match the log sequence number 1848270 in the ib_logfiles!
2019-04-04  2:46:00 468296 [Note] InnoDB: Restoring possible half-written data pages from the doublewrite buffer...
2019-04-04  2:46:01 468296 [Note] InnoDB: 128 rollback segment(s) are active.
2019-04-04  2:46:01 468296 [Note] InnoDB: Waiting for purge to start
2019-04-04  2:46:01 468296 [Note] InnoDB:  Percona XtraDB (http://www.percona.com) 5.6.42-84.2 started; log sequence number 1848270
2019-04-04  2:46:01 468296 [Note] Plugin 'FEEDBACK' is disabled.
2019-04-04  2:46:01 468296 [Note] Server socket created on IP: '::'.
2019-04-04  2:46:01 531260 [Note] InnoDB: Dumping buffer pool(s) not yet started
2019-04-04  2:46:02 468296 [Note] c:\xampp\mysql\bin\mysqld.exe: ready for connections.
Version: '10.1.38-MariaDB'  socket: ''  port: 3306  mariadb.org binary distribution
2019-04-04  2:46:06 531248 [Warning] InnoDB: Cannot open table projects/utilities from the internal data dictionary of InnoDB though the .frm file for the table exists. See http://dev.mysql.com/doc/refman/5.6/en/innodb-troubleshooting.html for how you can resolve the problem.
2019-04-04  2:46:06 531248 [Warning] InnoDB: Cannot open table projects/utilities from the internal data dictionary of InnoDB though the .frm file for the table exists. See http://dev.mysql.com/doc/refman/5.6/en/innodb-troubleshooting.html for how you can resolve the problem.
2019-04-04  2:46:06 531248 [Warning] InnoDB: Cannot open table projects/utilities from the internal data dictionary of InnoDB though the .frm file for the table exists. See http://dev.mysql.com/doc/refman/5.6/en/innodb-troubleshooting.html for how you can resolve the problem.
2019-04-04  2:46:12 531248 [Warning] InnoDB: Cannot open table projects/admin from the internal data dictionary of InnoDB though the .frm file for the table exists. See http://dev.mysql.com/doc/refman/5.6/en/innodb-troubleshooting.html for how you can resolve the problem.
2019-04-04  2:46:47 531248 [Warning] InnoDB: Cannot open table projects/admin from the internal data dictionary of InnoDB though the .frm file for the table exists. See http://dev.mysql.com/doc/refman/5.6/en/innodb-troubleshooting.html for how you can resolve the problem.
2019-04-04  2:46:47 531248 [Warning] InnoDB: Cannot open table projects/drom from the internal data dictionary of InnoDB though the .frm file for the table exists. See http://dev.mysql.com/doc/refman/5.6/en/innodb-troubleshooting.html for how you can resolve the problem.
2019-04-04  2:46:47 531248 [Warning] InnoDB: Cannot open table projects/student from the internal data dictionary of InnoDB though the .frm file for the table exists. See http://dev.mysql.com/doc/refman/5.6/en/innodb-troubleshooting.html for how you can resolve the problem.
2019-04-04  2:46:47 531248 [Warning] InnoDB: Cannot open table projects/stuff@0020info from the internal data dictionary of InnoDB though the .frm file for the table exists. See http://dev.mysql.com/doc/refman/5.6/en/innodb-troubleshooting.html for how you can resolve the problem.
2019-04-04  2:46:47 531248 [Warning] InnoDB: Cannot open table projects/type@0020of@0020stuff from the internal data dictionary of InnoDB though the .frm file for the table exists. See http://dev.mysql.com/doc/refman/5.6/en/innodb-troubleshooting.html for how you can resolve the problem.
2019-04-04  2:46:47 531248 [Warning] InnoDB: Cannot open table projects/utilities from the internal data dictionary of InnoDB though the .frm file for the table exists. See http://dev.mysql.com/doc/refman/5.6/en/innodb-troubleshooting.html for how you can resolve the problem.
2019-04-04  2:47:10 530460 [Warning] InnoDB: Cannot open table projects/admin from the internal data dictionary of InnoDB though the .frm file for the table exists. See http://dev.mysql.com/doc/refman/5.6/en/innodb-troubleshooting.html for how you can resolve the problem.
2019-04-04  2:47:10 530460 [Warning] InnoDB: Cannot open table projects/drom from the internal data dictionary of InnoDB though the .frm file for the table exists. See http://dev.mysql.com/doc/refman/5.6/en/innodb-troubleshooting.html for how you can resolve the problem.
2019-04-04  2:47:11 530460 [Warning] InnoDB: Cannot open table projects/student from the internal data dictionary of InnoDB though the .frm file for the table exists. See http://dev.mysql.com/doc/refman/5.6/en/innodb-troubleshooting.html for how you can resolve the problem.
2019-04-04  2:47:11 530460 [Warning] InnoDB: Cannot open table projects/stuff@0020info from the internal data dictionary of InnoDB though the .frm file for the table exists. See http://dev.mysql.com/doc/refman/5.6/en/innodb-troubleshooting.html for how you can resolve the problem.
2019-04-04  2:47:11 530460 [Warning] InnoDB: Cannot open table projects/type@0020of@0020stuff from the internal data dictionary of InnoDB though the .frm file for the table exists. See http://dev.mysql.com/doc/refman/5.6/en/innodb-troubleshooting.html for how you can resolve the problem.
2019-04-04  2:47:11 530460 [Warning] InnoDB: Cannot open table projects/utilities from the internal data dictionary of InnoDB though the .frm file for the table exists. See http://dev.mysql.com/doc/refman/5.6/en/innodb-troubleshooting.html for how you can resolve the problem.
2019-04-04  2:47:41 530460 [Warning] InnoDB: Cannot open table projects/admin from the internal data dictionary of InnoDB though the .frm file for the table exists. See http://dev.mysql.com/doc/refman/5.6/en/innodb-troubleshooting.html for how you can resolve the problem.
2019-04-04  2:47:41 530460 [Warning] InnoDB: Cannot open table projects/drom from the internal data dictionary of InnoDB though the .frm file for the table exists. See http://dev.mysql.com/doc/refman/5.6/en/innodb-troubleshooting.html for how you can resolve the problem.
2019-04-04  2:47:41 530460 [Warning] InnoDB: Cannot open table projects/student from the internal data dictionary of InnoDB though the .frm file for the table exists. See http://dev.mysql.com/doc/refman/5.6/en/innodb-troubleshooting.html for how you can resolve the problem.
2019-04-04  2:47:41 530460 [Warning] InnoDB: Cannot open table projects/stuff@0020info from the internal data dictionary of InnoDB though the .frm file for the table exists. See http://dev.mysql.com/doc/refman/5.6/en/innodb-troubleshooting.html for how you can resolve the problem.
2019-04-04  2:47:41 530460 [Warning] InnoDB: Cannot open table projects/type@0020of@0020stuff from the internal data dictionary of InnoDB though the .frm file for the table exists. See http://dev.mysql.com/doc/refman/5.6/en/innodb-troubleshooting.html for how you can resolve the problem.
2019-04-04  2:47:41 530460 [Warning] InnoDB: Cannot open table projects/utilities from the internal data dictionary of InnoDB though the .frm file for the table exists. See http://dev.mysql.com/doc/refman/5.6/en/innodb-troubleshooting.html for how you can resolve the problem.
2019-04-04  2:48:35 530460 [Warning] InnoDB: Cannot open table projects/admin from the internal data dictionary of InnoDB though the .frm file for the table exists. See http://dev.mysql.com/doc/refman/5.6/en/innodb-troubleshooting.html for how you can resolve the problem.
2019-04-04  2:48:35 530460 [Warning] InnoDB: Cannot open table projects/drom from the internal data dictionary of InnoDB though the .frm file for the table exists. See http://dev.mysql.com/doc/refman/5.6/en/innodb-troubleshooting.html for how you can resolve the problem.
2019-04-04  2:48:35 530460 [Warning] InnoDB: Cannot open table projects/student from the internal data dictionary of InnoDB though the .frm file for the table exists. See http://dev.mysql.com/doc/refman/5.6/en/innodb-troubleshooting.html for how you can resolve the problem.
2019-04-04  2:48:35 530460 [Warning] InnoDB: Cannot open table projects/stuff@0020info from the internal data dictionary of InnoDB though the .frm file for the table exists. See http://dev.mysql.com/doc/refman/5.6/en/innodb-troubleshooting.html for how you can resolve the problem.
2019-04-04  2:48:35 530460 [Warning] InnoDB: Cannot open table projects/type@0020of@0020stuff from the internal data dictionary of InnoDB though the .frm file for the table exists. See http://dev.mysql.com/doc/refman/5.6/en/innodb-troubleshooting.html for how you can resolve the problem.
2019-04-04  2:48:35 530460 [Warning] InnoDB: Cannot open table projects/utilities from the internal data dictionary of InnoDB though the .frm file for the table exists. See http://dev.mysql.com/doc/refman/5.6/en/innodb-troubleshooting.html for how you can resolve the problem.
2019-04-04  2:48:35 530460 [Warning] InnoDB: Cannot open table projects/admin from the internal data dictionary of InnoDB though the .frm file for the table exists. See http://dev.mysql.com/doc/refman/5.6/en/innodb-troubleshooting.html for how you can resolve the problem.
2019-04-04  2:48:35 530460 [Warning] InnoDB: Cannot open table projects/drom from the internal data dictionary of InnoDB though the .frm file for the table exists. See http://dev.mysql.com/doc/refman/5.6/en/innodb-troubleshooting.html for how you can resolve the problem.
2019-04-04  2:48:35 530460 [Warning] InnoDB: Cannot open table projects/student from the internal data dictionary of InnoDB though the .frm file for the table exists. See http://dev.mysql.com/doc/refman/5.6/en/innodb-troubleshooting.html for how you can resolve the problem.
2019-04-04  2:48:35 530460 [Warning] InnoDB: Cannot open table projects/stuff@0020info from the internal data dictionary of InnoDB though the .frm file for the table exists. See http://dev.mysql.com/doc/refman/5.6/en/innodb-troubleshooting.html for how you can resolve the problem.
2019-04-04  2:48:35 530460 [Warning] InnoDB: Cannot open table projects/type@0020of@0020stuff from the internal data dictionary of InnoDB though the .frm file for the table exists. See http://dev.mysql.com/doc/refman/5.6/en/innodb-troubleshooting.html for how you can resolve the problem.
2019-04-04  2:48:35 530460 [Warning] InnoDB: Cannot open table projects/utilities from the internal data dictionary of InnoDB though the .frm file for the table exists. See http://dev.mysql.com/doc/refman/5.6/en/innodb-troubleshooting.html for how you can resolve the problem.
2019-04-04  2:48:43 531248 [Warning] InnoDB: Cannot open table projects/admin from the internal data dictionary of InnoDB though the .frm file for the table exists. See http://dev.mysql.com/doc/refman/5.6/en/innodb-troubleshooting.html for how you can resolve the problem.
2019-04-04  2:48:43 531248 [Warning] InnoDB: Cannot open table projects/drom from the internal data dictionary of InnoDB though the .frm file for the table exists. See http://dev.mysql.com/doc/refman/5.6/en/innodb-troubleshooting.html for how you can resolve the problem.
2019-04-04  2:48:43 531248 [Warning] InnoDB: Cannot open table projects/student from the internal data dictionary of InnoDB though the .frm file for the table exists. See http://dev.mysql.com/doc/refman/5.6/en/innodb-troubleshooting.html for how you can resolve the problem.
2019-04-04  2:48:43 531248 [Warning] InnoDB: Cannot open table projects/stuff@0020info from the internal data dictionary of InnoDB though the .frm file for the table exists. See http://dev.mysql.com/doc/refman/5.6/en/innodb-troubleshooting.html for how you can resolve the problem.
2019-04-04  2:48:43 531248 [Warning] InnoDB: Cannot open table projects/type@0020of@0020stuff from the internal data dictionary of InnoDB though the .frm file for the table exists. See http://dev.mysql.com/doc/refman/5.6/en/innodb-troubleshooting.html for how you can resolve the problem.
2019-04-04  2:48:43 531248 [Warning] InnoDB: Cannot open table projects/utilities from the internal data dictionary of InnoDB though the .frm file for the table exists. See http://dev.mysql.com/doc/refman/5.6/en/innodb-troubleshooting.html for how you can resolve the problem.
2019-04-04  2:48:43 530460 [Warning] InnoDB: Cannot open table projects/admin from the internal data dictionary of InnoDB though the .frm file for the table exists. See http://dev.mysql.com/doc/refman/5.6/en/innodb-troubleshooting.html for how you can resolve the problem.
2019-04-04  2:48:43 530460 [Warning] InnoDB: Cannot open table projects/drom from the internal data dictionary of InnoDB though the .frm file for the table exists. See http://dev.mysql.com/doc/refman/5.6/en/innodb-troubleshooting.html for how you can resolve the problem.
2019-04-04  2:48:43 530460 [Warning] InnoDB: Cannot open table projects/student from the internal data dictionary of InnoDB though the .frm file for the table exists. See http://dev.mysql.com/doc/refman/5.6/en/innodb-troubleshooting.html for how you can resolve the problem.
2019-04-04  2:48:43 530460 [Warning] InnoDB: Cannot open table projects/stuff@0020info from the internal data dictionary of InnoDB though the .frm file for the table exists. See http://dev.mysql.com/doc/refman/5.6/en/innodb-troubleshooting.html for how you can resolve the problem.
2019-04-04  2:48:43 530460 [Warning] InnoDB: Cannot open table projects/type@0020of@0020stuff from the internal data dictionary of InnoDB though the .frm file for the table exists. See http://dev.mysql.com/doc/refman/5.6/en/innodb-troubleshooting.html for how you can resolve the problem.
2019-04-04  2:48:43 530460 [Warning] InnoDB: Cannot open table projects/utilities from the internal data dictionary of InnoDB though the .frm file for the table exists. See http://dev.mysql.com/doc/refman/5.6/en/innodb-troubleshooting.html for how you can resolve the problem.
2019-04-04  2:48:56 530460 [Warning] InnoDB: Cannot open table projects/admin from the internal data dictionary of InnoDB though the .frm file for the table exists. See http://dev.mysql.com/doc/refman/5.6/en/innodb-troubleshooting.html for how you can resolve the problem.
2019-04-04  2:48:56 530460 [Warning] InnoDB: Cannot open table projects/drom from the internal data dictionary of InnoDB though the .frm file for the table exists. See http://dev.mysql.com/doc/refman/5.6/en/innodb-troubleshooting.html for how you can resolve the problem.
2019-04-04  2:48:56 530460 [Warning] InnoDB: Cannot open table projects/student from the internal data dictionary of InnoDB though the .frm file for the table exists. See http://dev.mysql.com/doc/refman/5.6/en/innodb-troubleshooting.html for how you can resolve the problem.
2019-04-04  2:48:56 530460 [Warning] InnoDB: Cannot open table projects/stuff@0020info from the internal data dictionary of InnoDB though the .frm file for the table exists. See http://dev.mysql.com/doc/refman/5.6/en/innodb-troubleshooting.html for how you can resolve the problem.
2019-04-04  2:48:56 530460 [Warning] InnoDB: Cannot open table projects/type@0020of@0020stuff from the internal data dictionary of InnoDB though the .frm file for the table exists. See http://dev.mysql.com/doc/refman/5.6/en/innodb-troubleshooting.html for how you can resolve the problem.
2019-04-04  2:48:56 530460 [Warning] InnoDB: Cannot open table projects/utilities from the internal data dictionary of InnoDB though the .frm file for the table exists. See http://dev.mysql.com/doc/refman/5.6/en/innodb-troubleshooting.html for how you can resolve the problem.
2019-04-04  2:48:56 530460 [Warning] InnoDB: Cannot open table projects/admin from the internal data dictionary of InnoDB though the .frm file for the table exists. See http://dev.mysql.com/doc/refman/5.6/en/innodb-troubleshooting.html for how you can resolve the problem.
2019-04-04  2:48:56 530460 [Warning] InnoDB: Cannot open table projects/drom from the internal data dictionary of InnoDB though the .frm file for the table exists. See http://dev.mysql.com/doc/refman/5.6/en/innodb-troubleshooting.html for how you can resolve the problem.
2019-04-04  2:48:56 530460 [Warning] InnoDB: Cannot open table projects/student from the internal data dictionary of InnoDB though the .frm file for the table exists. See http://dev.mysql.com/doc/refman/5.6/en/innodb-troubleshooting.html for how you can resolve the problem.
2019-04-04  2:48:56 530460 [Warning] InnoDB: Cannot open table projects/stuff@0020info from the internal data dictionary of InnoDB though the .frm file for the table exists. See http://dev.mysql.com/doc/refman/5.6/en/innodb-troubleshooting.html for how you can resolve the problem.
2019-04-04  2:48:56 530460 [Warning] InnoDB: Cannot open table projects/type@0020of@0020stuff from the internal data dictionary of InnoDB though the .frm file for the table exists. See http://dev.mysql.com/doc/refman/5.6/en/innodb-troubleshooting.html for how you can resolve the problem.
2019-04-04  2:48:56 530460 [Warning] InnoDB: Cannot open table projects/utilities from the internal data dictionary of InnoDB though the .frm file for the table exists. See http://dev.mysql.com/doc/refman/5.6/en/innodb-troubleshooting.html for how you can resolve the problem.
2019-04-04  2:48:58 530460 [Warning] InnoDB: Cannot open table projects/admin from the internal data dictionary of InnoDB though the .frm file for the table exists. See http://dev.mysql.com/doc/refman/5.6/en/innodb-troubleshooting.html for how you can resolve the problem.
2019-04-04  2:48:58 530460 [Warning] InnoDB: Cannot open table projects/drom from the internal data dictionary of InnoDB though the .frm file for the table exists. See http://dev.mysql.com/doc/refman/5.6/en/innodb-troubleshooting.html for how you can resolve the problem.
2019-04-04  2:48:58 530460 [Warning] InnoDB: Cannot open table projects/student from the internal data dictionary of InnoDB though the .frm file for the table exists. See http://dev.mysql.com/doc/refman/5.6/en/innodb-troubleshooting.html for how you can resolve the problem.
2019-04-04  2:48:58 530460 [Warning] InnoDB: Cannot open table projects/stuff@0020info from the internal data dictionary of InnoDB though the .frm file for the table exists. See http://dev.mysql.com/doc/refman/5.6/en/innodb-troubleshooting.html for how you can resolve the problem.
2019-04-04  2:48:58 530460 [Warning] InnoDB: Cannot open table projects/type@0020of@0020stuff from the internal data dictionary of InnoDB though the .frm file for the table exists. See http://dev.mysql.com/doc/refman/5.6/en/innodb-troubleshooting.html for how you can resolve the problem.
2019-04-04  2:48:58 530460 [Warning] InnoDB: Cannot open table projects/utilities from the internal data dictionary of InnoDB though the .frm file for the table exists. See http://dev.mysql.com/doc/refman/5.6/en/innodb-troubleshooting.html for how you can resolve the problem.
2019-04-04  2:48:59 530460 [ERROR] Incorrect definition of table mysql.column_stats: expected column 'min_value' at position 3 to have type varbinary(255), found type varchar(255).
2019-04-04  2:48:59 530460 [ERROR] Incorrect definition of table mysql.column_stats: expected column 'max_value' at position 4 to have type varbinary(255), found type varchar(255).
2019-04-04  2:48:59 530460 [ERROR] Incorrect definition of table mysql.column_stats: expected column 'min_value' at position 3 to have type varbinary(255), found type varchar(255).
2019-04-04  2:48:59 530460 [ERROR] Incorrect definition of table mysql.column_stats: expected column 'max_value' at position 4 to have type varbinary(255), found type varchar(255).
2019-04-04  2:48:59 530460 [ERROR] Incorrect definition of table mysql.column_stats: expected column 'min_value' at position 3 to have type varbinary(255), found type varchar(255).
2019-04-04  2:48:59 530460 [ERROR] Incorrect definition of table mysql.column_stats: expected column 'max_value' at position 4 to have type varbinary(255), found type varchar(255).
2019-04-04  2:48:59 530460 [ERROR] Incorrect definition of table mysql.column_stats: expected column 'min_value' at position 3 to have type varbinary(255), found type varchar(255).
2019-04-04  2:48:59 530460 [ERROR] Incorrect definition of table mysql.column_stats: expected column 'max_value' at position 4 to have type varbinary(255), found type varchar(255).
2019-04-04  2:48:59 530460 [ERROR] Incorrect definition of table mysql.column_stats: expected column 'min_value' at position 3 to have type varbinary(255), found type varchar(255).
2019-04-04  2:48:59 530460 [ERROR] Incorrect definition of table mysql.column_stats: expected column 'max_value' at position 4 to have type varbinary(255), found type varchar(255).
2019-04-04  2:48:59 530460 [ERROR] Incorrect definition of table mysql.column_stats: expected column 'min_value' at position 3 to have type varbinary(255), found type varchar(255).
2019-04-04  2:48:59 530460 [ERROR] Incorrect definition of table mysql.column_stats: expected column 'max_value' at position 4 to have type varbinary(255), found type varchar(255).
2019-04-04 02:48:59 8181c  InnoDB: Error: table `projects`.`admin` does not exist in the InnoDB internal
InnoDB: data dictionary though MySQL is trying to drop it.
InnoDB: Have you copied the .frm file of the table to the
InnoDB: MySQL database directory from another database?
InnoDB: You can look for further help from
InnoDB: http://dev.mysql.com/doc/refman/5.6/en/innodb-troubleshooting.html
2019-04-04 02:48:59 8181c  InnoDB: Error: table `projects`.`drom` does not exist in the InnoDB internal
InnoDB: data dictionary though MySQL is trying to drop it.
InnoDB: Have you copied the .frm file of the table to the
InnoDB: MySQL database directory from another database?
InnoDB: You can look for further help from
InnoDB: http://dev.mysql.com/doc/refman/5.6/en/innodb-troubleshooting.html
2019-04-04 02:48:59 8181c  InnoDB: Error: table `projects`.`student` does not exist in the InnoDB internal
InnoDB: data dictionary though MySQL is trying to drop it.
InnoDB: Have you copied the .frm file of the table to the
InnoDB: MySQL database directory from another database?
InnoDB: You can look for further help from
InnoDB: http://dev.mysql.com/doc/refman/5.6/en/innodb-troubleshooting.html
2019-04-04 02:48:59 8181c  InnoDB: Error: table `projects`.`stuff info` does not exist in the InnoDB internal
InnoDB: data dictionary though MySQL is trying to drop it.
InnoDB: Have you copied the .frm file of the table to the
InnoDB: MySQL database directory from another database?
InnoDB: You can look for further help from
InnoDB: http://dev.mysql.com/doc/refman/5.6/en/innodb-troubleshooting.html
2019-04-04 02:48:59 8181c  InnoDB: Error: table `projects`.`type of stuff` does not exist in the InnoDB internal
InnoDB: data dictionary though MySQL is trying to drop it.
InnoDB: Have you copied the .frm file of the table to the
InnoDB: MySQL database directory from another database?
InnoDB: You can look for further help from
InnoDB: http://dev.mysql.com/doc/refman/5.6/en/innodb-troubleshooting.html
2019-04-04 02:48:59 8181c  InnoDB: Error: table `projects`.`utilities` does not exist in the InnoDB internal
InnoDB: data dictionary though MySQL is trying to drop it.
InnoDB: Have you copied the .frm file of the table to the
InnoDB: MySQL database directory from another database?
InnoDB: You can look for further help from
InnoDB: http://dev.mysql.com/doc/refman/5.6/en/innodb-troubleshooting.html
2019-04-05 14:48:17 975f0 InnoDB: Warning: Using innodb_additional_mem_pool_size is DEPRECATED. This option may be removed in future releases, together with the option innodb_use_sys_malloc and with the InnoDB's internal memory allocator.
2019-04-05 14:48:17 620016 [Note] InnoDB: innodb_empty_free_list_algorithm has been changed to legacy because of small buffer pool size. In order to use backoff, increase buffer pool at least up to 20MB.

2019-04-05 14:48:17 620016 [Note] InnoDB: Using mutexes to ref count buffer pool pages
2019-04-05 14:48:17 620016 [Note] InnoDB: The InnoDB memory heap is disabled
2019-04-05 14:48:17 620016 [Note] InnoDB: Mutexes and rw_locks use Windows interlocked functions
2019-04-05 14:48:17 620016 [Note] InnoDB: _mm_lfence() and _mm_sfence() are used for memory barrier
2019-04-05 14:48:17 620016 [Note] InnoDB: Compressed tables use zlib 1.2.11
2019-04-05 14:48:17 620016 [Note] InnoDB: Using generic crc32 instructions
2019-04-05 14:48:17 620016 [Note] InnoDB: Initializing buffer pool, size = 16.0M
2019-04-05 14:48:17 620016 [Note] InnoDB: Completed initialization of buffer pool
2019-04-05 14:48:17 620016 [Note] InnoDB: Highest supported file format is Barracuda.
2019-04-05 14:48:18 620016 [Note] InnoDB: The log sequence number 1835037 in ibdata file do not match the log sequence number 1848500 in the ib_logfiles!
2019-04-05 14:48:21 620016 [Note] InnoDB: Restoring possible half-written data pages from the doublewrite buffer...
2019-04-05 14:48:22 620016 [Note] InnoDB: 128 rollback segment(s) are active.
2019-04-05 14:48:22 620016 [Note] InnoDB: Waiting for purge to start
2019-04-05 14:48:23 620016 [Note] InnoDB: Waiting for purge to start
2019-04-05 14:48:23 620016 [Note] InnoDB: Waiting for purge to start
2019-04-05 14:48:23 620016 [Note] InnoDB: Waiting for purge to start
2019-04-05 14:48:23 620016 [Note] InnoDB: Waiting for purge to start
2019-04-05 14:48:23 620016 [Note] InnoDB:  Percona XtraDB (http://www.percona.com) 5.6.42-84.2 started; log sequence number 1848500
2019-04-05 14:48:23 620016 [Note] Plugin 'FEEDBACK' is disabled.
2019-04-05 14:48:23 620016 [Note] Server socket created on IP: '::'.
2019-04-05 14:48:24 560724 [Note] InnoDB: Dumping buffer pool(s) not yet started
2019-04-05 14:48:26 620016 [Note] c:\xampp\mysql\bin\mysqld.exe: ready for connections.
Version: '10.1.38-MariaDB'  socket: ''  port: 3306  mariadb.org binary distribution
